INFO:root:groundzero: (15, 30)
INFO:root:Adding 15,30 and -3,3
INFO:root:Result: (12, 33)
INFO:root:Adding 15,30 and 5,1
INFO:root:Result: (20, 31)
INFO:root:Adding 15,30 and 1,-1
INFO:root:Result: (16, 29)
INFO:root:Adding 15,30 and 4,-2
INFO:root:Result: (19, 28)
INFO:root:Adding 15,30 and 4,-1
INFO:root:Result: (19, 29)
INFO:root:Adding 15,30 and 1,2
INFO:root:Result: (16, 32)
INFO:root:Adding 15,30 and -3,-3
INFO:root:Result: (12, 27)
INFO:root:Adding 15,30 and 3,3
INFO:root:Result: (18, 33)
INFO:root:Adding 15,30 and -4,3
INFO:root:Result: (11, 33)
INFO:root:Adding 15,30 and -5,-2
INFO:root:Result: (10, 28)
INFO:root:Adding 15,30 and -2,-2
INFO:root:Result: (13, 28)
INFO:root:Adding 15,30 and -2,-1
INFO:root:Result: (13, 29)
INFO:root:Adding 15,30 and 5,0
INFO:root:Result: (20, 30)
INFO:root:Adding 15,30 and 5,-2
INFO:root:Result: (20, 28)
INFO:root:Adding 15,30 and 0,0
INFO:root:Result: (15, 30)
INFO:root:Adding 15,30 and -4,-3
INFO:root:Result: (11, 27)
INFO:root:Adding 15,30 and 2,-2
INFO:root:Result: (17, 28)
INFO:root:Adding 15,30 and 2,3
INFO:root:Result: (17, 33)
INFO:root:Adding 15,30 and 4,2
INFO:root:Result: (19, 32)
INFO:root:Adding 15,30 and -5,3
INFO:root:Result: (10, 33)
INFO:root:Adding 15,30 and 0,1
INFO:root:Result: (15, 31)
INFO:root:Adding 15,30 and -2,3
INFO:root:Result: (13, 33)
INFO:root:Adding 15,30 and -3,0
INFO:root:Result: (12, 30)
INFO:root:Adding 15,30 and 6,-2
INFO:root:Result: (21, 28)
INFO:root:Adding 15,30 and 3,-2
INFO:root:Result: (18, 28)
INFO:root:Adding 15,30 and -4,1
INFO:root:Result: (11, 31)
INFO:root:Adding 15,30 and -5,2
INFO:root:Result: (10, 32)
INFO:root:Logo Cords: [(12, 33), (20, 31), (16, 29), (19, 28), (19, 29), (16, 32), (12, 27), (18, 33), (11, 33), (10, 28), (13, 28), (13, 29), (20, 30), (20, 28), (15, 30), (11, 27), (17, 28), (17, 33), (19, 32), (10, 33), (15, 31), (13, 33), (12, 30), (21, 28), (18, 28), (11, 31), (10, 32)]
INFO:root:territory: 1
INFO:root:territory: 2
INFO:root:territory: 2
INFO:root:territory: 2
INFO:root:territory: 2
INFO:root:territory: 2
INFO:root:territory: 2
INFO:root:territory: 2
INFO:root:territory: 2
INFO:root:territory: 2
INFO:root:territory: 2
INFO:root:territory: 2
INFO:root:territory: 3
INFO:root:territory: 3
INFO:root:territory: 3
INFO:root:territory: 3
INFO:root:territory: 3
INFO:root:territory: 4
INFO:root:territory: 4
INFO:root:territory: 4
INFO:root:territory: 4
INFO:root:territory: 4
INFO:root:territory: 5
INFO:root:territory: 5
INFO:root:territory: 5
INFO:root:territory: 5
INFO:root:territory: 5
INFO:root:territory: 6
INFO:root:territory: 7
INFO:root:territory: 7
INFO:root:territory: 7
INFO:root:territory: 9
INFO:root:territory: 9
INFO:root:territory: 9
INFO:root:territory: 9
INFO:root:territory: 11
INFO:root:territory: 12
INFO:root:territory: 13
INFO:root:territory: 13
INFO:root:territory: 13
INFO:root:territory: 14
INFO:root:territory: 17
INFO:root:territory: 19
INFO:root:territory: 21
INFO:root:territory: 21
INFO:root:territory: 23
INFO:root:territory: 24
INFO:root:territory: 25
INFO:root:territory: 25
INFO:root:territory: 29
INFO:root:territory: 32
INFO:root:territory: 37
INFO:root:territory: 39
INFO:root:territory: 42
INFO:root:territory: 43
INFO:root:territory: 46
INFO:root:territory: 49
INFO:root:territory: 51
INFO:root:territory: 56
INFO:root:territory: 58
INFO:root:territory: 63
INFO:root:territory: 67
INFO:root:territory: 71
INFO:root:territory: 73
INFO:root:territory: 76
INFO:root:territory: 78
INFO:root:territory: 82
INFO:root:territory: 86
INFO:root:territory: 93
INFO:root:territory: 98
INFO:root:territory: 103
INFO:root:territory: 106
INFO:root:territory: 111
INFO:root:territory: 115
INFO:root:territory: 120
INFO:root:territory: 120
INFO:root:territory: 125
INFO:root:territory: 131
INFO:root:territory: 139
INFO:root:territory: 146
INFO:root:territory: 152
INFO:root:territory: 157
INFO:root:territory: 160
INFO:root:territory: 168
INFO:root:territory: 173
INFO:root:territory: 177
INFO:root:territory: 184
INFO:root:territory: 194
INFO:root:territory: 202
INFO:root:territory: 211
INFO:root:territory: 220
INFO:root:territory: 223
INFO:root:territory: 230
INFO:root:territory: 238
INFO:root:territory: 247
INFO:root:territory: 253
INFO:root:territory: 264
INFO:root:territory: 275
INFO:root:territory: 288
INFO:root:territory: 298
INFO:root:territory: 309
INFO:root:territory: 318
INFO:root:territory: 330
INFO:root:territory: 343
INFO:root:territory: 355
INFO:root:Fast mode on, crafting logo...
INFO:root:Fast mode on, crafting logo...
INFO:root:Fast mode on, crafting logo...
INFO:root:Fast mode on, crafting logo...
INFO:root:Fast mode on, crafting logo...
INFO:root:Fast mode on, crafting logo...
INFO:root:Fast mode on, crafting logo...
INFO:root:Fast mode on, crafting logo...
INFO:root:Fast mode on, crafting logo...
INFO:root:territory: 364
INFO:root:Fast mode on, crafting logo...
INFO:root:Fast mode on, crafting logo...
INFO:root:Fast mode on, crafting logo...
INFO:root:Fast mode on, crafting logo...
INFO:root:Fast mode on, crafting logo...
INFO:root:Fast mode on, crafting logo...
INFO:root:Fast mode on, crafting logo...
INFO:root:Fast mode on, crafting logo...
INFO:root:Fast mode on, crafting logo...
INFO:root:Fast mode on, crafting logo...
INFO:root:Fast mode on, crafting logo...
INFO:root:Fast mode on, crafting logo...
INFO:root:Fast mode on, crafting logo...
INFO:root:Fast mode on, crafting logo...
INFO:root:Fast mode on, crafting logo...
INFO:root:territory: 374
INFO:root:Fast mode on, crafting logo...
INFO:root:Fast mode on, crafting logo...
INFO:root:Fast mode on, crafting logo...
INFO:root:Fast mode on, crafting logo...
INFO:root:Fast mode on, crafting logo...
INFO:root:Fast mode on, crafting logo...
INFO:root:Fast mode on, crafting logo...
INFO:root:Fast mode on, crafting logo...
INFO:root:Fast mode on, crafting logo...
INFO:root:Fast mode on, crafting logo...
INFO:root:Fast mode on, crafting logo...
INFO:root:Fast mode on, crafting logo...
INFO:root:Fast mode on, crafting logo...
INFO:root:Fast mode on, crafting logo...
INFO:root:Fast mode on, crafting logo...
INFO:root:Fast mode on, crafting logo...
INFO:root:territory: 389
INFO:root:Fast mode on, crafting logo...
INFO:root:Fast mode on, crafting logo...
INFO:root:Fast mode on, crafting logo...
INFO:root:Fast mode on, crafting logo...
INFO:root:Fast mode on, crafting logo...
INFO:root:Fast mode on, crafting logo...
INFO:root:Fast mode on, crafting logo...
INFO:root:Fast mode on, crafting logo...
INFO:root:Fast mode on, crafting logo...
INFO:root:Fast mode on, crafting logo...
INFO:root:Fast mode on, crafting logo...
INFO:root:Fast mode on, crafting logo...
INFO:root:Fast mode on, crafting logo...
INFO:root:Fast mode on, crafting logo...
INFO:root:Fast mode on, crafting logo...
INFO:root:Fast mode on, crafting logo...
INFO:root:Fast mode on, crafting logo...
INFO:root:Fast mode on, crafting logo...
INFO:root:territory: 414
INFO:root:Fast mode on, crafting logo...
INFO:root:Fast mode on, crafting logo...
INFO:root:Fast mode on, crafting logo...
INFO:root:Fast mode on, crafting logo...
INFO:root:Fast mode on, crafting logo...
INFO:root:Fast mode on, crafting logo...
INFO:root:Fast mode on, crafting logo...
INFO:root:Fast mode on, crafting logo...
INFO:root:Fast mode on, crafting logo...
INFO:root:Fast mode on, crafting logo...
INFO:root:Fast mode on, crafting logo...
INFO:root:Fast mode on, crafting logo...
INFO:root:Fast mode on, crafting logo...
INFO:root:Fast mode on, crafting logo...
INFO:root:Fast mode on, crafting logo...
INFO:root:Fast mode on, crafting logo...
INFO:root:Fast mode on, crafting logo...
INFO:root:Fast mode on, crafting logo...
INFO:root:Fast mode on, crafting logo...
INFO:root:Fast mode on, crafting logo...
INFO:root:Fast mode on, crafting logo...
INFO:root:Fast mode on, crafting logo...
INFO:root:territory: 434
INFO:root:Fast mode on, crafting logo...
INFO:root:Fast mode on, crafting logo...
INFO:root:Fast mode on, crafting logo...
INFO:root:Fast mode on, crafting logo...
INFO:root:Fast mode on, crafting logo...
INFO:root:Fast mode on, crafting logo...
INFO:root:Fast mode on, crafting logo...
INFO:root:Fast mode on, crafting logo...
INFO:root:Fast mode on, crafting logo...
INFO:root:Fast mode on, crafting logo...
INFO:root:Fast mode on, crafting logo...
INFO:root:Fast mode on, crafting logo...
INFO:root:Fast mode on, crafting logo...
INFO:root:Fast mode on, crafting logo...
INFO:root:Fast mode on, crafting logo...
INFO:root:Fast mode on, crafting logo...
INFO:root:Fast mode on, crafting logo...
INFO:root:Fast mode on, crafting logo...
INFO:root:Fast mode on, crafting logo...
INFO:root:Fast mode on, crafting logo...
INFO:root:Fast mode on, crafting logo...
INFO:root:Fast mode on, crafting logo...
INFO:root:Fast mode on, crafting logo...
INFO:root:Fast mode on, crafting logo...
INFO:root:territory: 461
INFO:root:Fast mode on, crafting logo...
INFO:root:Fast mode on, crafting logo...
INFO:root:Fast mode on, crafting logo...
INFO:root:Fast mode on, crafting logo...
INFO:root:Fast mode on, crafting logo...
INFO:root:Fast mode on, crafting logo...
INFO:root:Fast mode on, crafting logo...
INFO:root:Fast mode on, crafting logo...
INFO:root:Fast mode on, crafting logo...
INFO:root:Fast mode on, crafting logo...
INFO:root:Fast mode on, crafting logo...
INFO:root:Fast mode on, crafting logo...
INFO:root:Fast mode on, crafting logo...
INFO:root:Fast mode on, crafting logo...
INFO:root:Fast mode on, crafting logo...
INFO:root:Fast mode on, crafting logo...
INFO:root:Fast mode on, crafting logo...
INFO:root:Fast mode on, crafting logo...
INFO:root:Fast mode on, crafting logo...
INFO:root:Fast mode on, crafting logo...
INFO:root:Fast mode on, crafting logo...
INFO:root:Fast mode on, crafting logo...
INFO:root:Fast mode on, crafting logo...
INFO:root:Fast mode on, crafting logo...
INFO:root:territory: 489
INFO:root:Fast mode on, crafting logo...
INFO:root:Fast mode on, crafting logo...
INFO:root:Fast mode on, crafting logo...
INFO:root:Fast mode on, crafting logo...
INFO:root:Fast mode on, crafting logo...
INFO:root:Fast mode on, crafting logo...
INFO:root:Fast mode on, crafting logo...
INFO:root:Fast mode on, crafting logo...
INFO:root:Fast mode on, crafting logo...
INFO:root:Fast mode on, crafting logo...
INFO:root:Fast mode on, crafting logo...
INFO:root:Fast mode on, crafting logo...
INFO:root:Fast mode on, crafting logo...
INFO:root:Fast mode on, crafting logo...
INFO:root:Fast mode on, crafting logo...
INFO:root:Fast mode on, crafting logo...
INFO:root:Fast mode on, crafting logo...
INFO:root:Fast mode on, crafting logo...
INFO:root:Fast mode on, crafting logo...
INFO:root:Fast mode on, crafting logo...
INFO:root:Fast mode on, crafting logo...
INFO:root:Fast mode on, crafting logo...
INFO:root:Fast mode on, crafting logo...
INFO:root:Fast mode on, crafting logo...
INFO:root:territory: 516
INFO:root:Fast mode on, crafting logo...
INFO:root:Fast mode on, crafting logo...
INFO:root:Fast mode on, crafting logo...
INFO:root:Fast mode on, crafting logo...
INFO:root:Fast mode on, crafting logo...
INFO:root:Fast mode on, crafting logo...
INFO:root:Fast mode on, crafting logo...
INFO:root:Fast mode on, crafting logo...
INFO:root:Fast mode on, crafting logo...
INFO:root:Fast mode on, crafting logo...
INFO:root:Fast mode on, crafting logo...
INFO:root:Fast mode on, crafting logo...
INFO:root:Fast mode on, crafting logo...
INFO:root:Fast mode on, crafting logo...
INFO:root:Fast mode on, crafting logo...
INFO:root:Fast mode on, crafting logo...
INFO:root:Fast mode on, crafting logo...
INFO:root:Fast mode on, crafting logo...
INFO:root:Fast mode on, crafting logo...
INFO:root:Fast mode on, crafting logo...
INFO:root:Fast mode on, crafting logo...
INFO:root:Fast mode on, crafting logo...
INFO:root:Fast mode on, crafting logo...
INFO:root:Fast mode on, crafting logo...
INFO:root:territory: 537
INFO:root:Fast mode on, crafting logo...
INFO:root:Fast mode on, crafting logo...
INFO:root:Fast mode on, crafting logo...
INFO:root:Fast mode on, crafting logo...
INFO:root:Fast mode on, crafting logo...
INFO:root:Fast mode on, crafting logo...
INFO:root:Fast mode on, crafting logo...
INFO:root:Fast mode on, crafting logo...
INFO:root:Fast mode on, crafting logo...
INFO:root:Fast mode on, crafting logo...
INFO:root:Fast mode on, crafting logo...
INFO:root:Fast mode on, crafting logo...
INFO:root:Fast mode on, crafting logo...
INFO:root:Fast mode on, crafting logo...
INFO:root:Fast mode on, crafting logo...
INFO:root:Fast mode on, crafting logo...
INFO:root:Fast mode on, crafting logo...
INFO:root:Fast mode on, crafting logo...
INFO:root:Fast mode on, crafting logo...
INFO:root:Fast mode on, crafting logo...
INFO:root:Fast mode on, crafting logo...
INFO:root:Fast mode on, crafting logo...
INFO:root:Fast mode on, crafting logo...
INFO:root:Fast mode on, crafting logo...
INFO:root:territory: 554
INFO:root:Fast mode on, crafting logo...
INFO:root:Fast mode on, crafting logo...
INFO:root:Fast mode on, crafting logo...
INFO:root:Fast mode on, crafting logo...
INFO:root:Fast mode on, crafting logo...
INFO:root:Fast mode on, crafting logo...
INFO:root:Fast mode on, crafting logo...
INFO:root:Fast mode on, crafting logo...
INFO:root:Fast mode on, crafting logo...
INFO:root:Fast mode on, crafting logo...
INFO:root:Fast mode on, crafting logo...
INFO:root:Fast mode on, crafting logo...
INFO:root:Fast mode on, crafting logo...
INFO:root:Fast mode on, crafting logo...
INFO:root:Fast mode on, crafting logo...
INFO:root:Fast mode on, crafting logo...
INFO:root:Fast mode on, crafting logo...
INFO:root:Fast mode on, crafting logo...
INFO:root:Fast mode on, crafting logo...
INFO:root:Fast mode on, crafting logo...
INFO:root:Fast mode on, crafting logo...
INFO:root:Fast mode on, crafting logo...
INFO:root:Fast mode on, crafting logo...
INFO:root:Fast mode on, crafting logo...
INFO:root:Fast mode on, crafting logo...
INFO:root:territory: 577
INFO:root:Fast mode on, crafting logo...
INFO:root:Fast mode on, crafting logo...
INFO:root:Fast mode on, crafting logo...
INFO:root:Fast mode on, crafting logo...
INFO:root:Fast mode on, crafting logo...
INFO:root:Fast mode on, crafting logo...
INFO:root:Fast mode on, crafting logo...
INFO:root:Fast mode on, crafting logo...
INFO:root:Fast mode on, crafting logo...
INFO:root:Fast mode on, crafting logo...
INFO:root:Fast mode on, crafting logo...
INFO:root:Fast mode on, crafting logo...
INFO:root:Fast mode on, crafting logo...
INFO:root:Fast mode on, crafting logo...
INFO:root:Fast mode on, crafting logo...
INFO:root:Fast mode on, crafting logo...
INFO:root:Fast mode on, crafting logo...
INFO:root:Fast mode on, crafting logo...
INFO:root:Fast mode on, crafting logo...
INFO:root:Fast mode on, crafting logo...
INFO:root:Fast mode on, crafting logo...
INFO:root:Fast mode on, crafting logo...
INFO:root:Fast mode on, crafting logo...
INFO:root:Fast mode on, crafting logo...
INFO:root:Fast mode on, crafting logo...
INFO:root:territory: 595
INFO:root:Fast mode on, crafting logo...
INFO:root:Fast mode on, crafting logo...
INFO:root:Fast mode on, crafting logo...
INFO:root:Fast mode on, crafting logo...
INFO:root:Fast mode on, crafting logo...
INFO:root:Fast mode on, crafting logo...
INFO:root:Fast mode on, crafting logo...
INFO:root:Fast mode on, crafting logo...
INFO:root:Fast mode on, crafting logo...
INFO:root:Fast mode on, crafting logo...
INFO:root:Fast mode on, crafting logo...
INFO:root:Fast mode on, crafting logo...
INFO:root:Fast mode on, crafting logo...
INFO:root:Fast mode on, crafting logo...
INFO:root:Fast mode on, crafting logo...
INFO:root:Fast mode on, crafting logo...
INFO:root:Fast mode on, crafting logo...
INFO:root:Fast mode on, crafting logo...
INFO:root:Fast mode on, crafting logo...
INFO:root:Fast mode on, crafting logo...
INFO:root:Fast mode on, crafting logo...
INFO:root:Fast mode on, crafting logo...
INFO:root:Fast mode on, crafting logo...
INFO:root:Fast mode on, crafting logo...
INFO:root:Fast mode on, crafting logo...
INFO:root:territory: 614
INFO:root:Fast mode on, crafting logo...
INFO:root:Fast mode on, crafting logo...
INFO:root:Fast mode on, crafting logo...
INFO:root:Fast mode on, crafting logo...
INFO:root:Fast mode on, crafting logo...
INFO:root:Fast mode on, crafting logo...
INFO:root:Fast mode on, crafting logo...
INFO:root:Fast mode on, crafting logo...
INFO:root:Fast mode on, crafting logo...
INFO:root:Fast mode on, crafting logo...
INFO:root:Fast mode on, crafting logo...
INFO:root:Fast mode on, crafting logo...
INFO:root:Fast mode on, crafting logo...
INFO:root:Fast mode on, crafting logo...
INFO:root:Fast mode on, crafting logo...
INFO:root:Fast mode on, crafting logo...
INFO:root:Fast mode on, crafting logo...
INFO:root:Fast mode on, crafting logo...
INFO:root:Fast mode on, crafting logo...
INFO:root:Fast mode on, crafting logo...
INFO:root:Fast mode on, crafting logo...
INFO:root:Fast mode on, crafting logo...
INFO:root:Fast mode on, crafting logo...
INFO:root:Fast mode on, crafting logo...
INFO:root:Fast mode on, crafting logo...
INFO:root:territory: 644
INFO:root:Fast mode on, crafting logo...
INFO:root:Fast mode on, crafting logo...
INFO:root:Fast mode on, crafting logo...
INFO:root:Fast mode on, crafting logo...
INFO:root:Fast mode on, crafting logo...
INFO:root:Fast mode on, crafting logo...
INFO:root:Fast mode on, crafting logo...
INFO:root:Fast mode on, crafting logo...
INFO:root:Fast mode on, crafting logo...
INFO:root:Fast mode on, crafting logo...
INFO:root:Fast mode on, crafting logo...
INFO:root:Fast mode on, crafting logo...
INFO:root:Fast mode on, crafting logo...
INFO:root:Fast mode on, crafting logo...
INFO:root:Fast mode on, crafting logo...
INFO:root:Fast mode on, crafting logo...
INFO:root:Fast mode on, crafting logo...
INFO:root:Fast mode on, crafting logo...
INFO:root:Fast mode on, crafting logo...
INFO:root:Fast mode on, crafting logo...
INFO:root:Fast mode on, crafting logo...
INFO:root:Fast mode on, crafting logo...
INFO:root:Fast mode on, crafting logo...
INFO:root:Fast mode on, crafting logo...
INFO:root:Fast mode on, crafting logo...
INFO:root:territory: 674
INFO:root:Fast mode on, crafting logo...
INFO:root:Fast mode on, crafting logo...
INFO:root:Fast mode on, crafting logo...
INFO:root:Fast mode on, crafting logo...
INFO:root:Fast mode on, crafting logo...
INFO:root:Fast mode on, crafting logo...
INFO:root:Fast mode on, crafting logo...
INFO:root:Fast mode on, crafting logo...
INFO:root:Fast mode on, crafting logo...
INFO:root:Fast mode on, crafting logo...
INFO:root:Fast mode on, crafting logo...
INFO:root:Fast mode on, crafting logo...
INFO:root:Fast mode on, crafting logo...
INFO:root:Fast mode on, crafting logo...
INFO:root:Fast mode on, crafting logo...
INFO:root:Fast mode on, crafting logo...
INFO:root:Fast mode on, crafting logo...
INFO:root:Fast mode on, crafting logo...
INFO:root:Fast mode on, crafting logo...
INFO:root:Fast mode on, crafting logo...
INFO:root:Fast mode on, crafting logo...
INFO:root:Fast mode on, crafting logo...
INFO:root:Fast mode on, crafting logo...
INFO:root:Fast mode on, crafting logo...
INFO:root:Fast mode on, crafting logo...
INFO:root:territory: 713
INFO:root:Fast mode on, crafting logo...
INFO:root:Fast mode on, crafting logo...
INFO:root:Fast mode on, crafting logo...
INFO:root:Fast mode on, crafting logo...
INFO:root:Fast mode on, crafting logo...
INFO:root:Fast mode on, crafting logo...
INFO:root:Fast mode on, crafting logo...
INFO:root:Fast mode on, crafting logo...
INFO:root:Fast mode on, crafting logo...
INFO:root:Fast mode on, crafting logo...
INFO:root:Fast mode on, crafting logo...
INFO:root:Fast mode on, crafting logo...
INFO:root:Fast mode on, crafting logo...
INFO:root:Fast mode on, crafting logo...
INFO:root:Fast mode on, crafting logo...
INFO:root:Fast mode on, crafting logo...
INFO:root:Fast mode on, crafting logo...
INFO:root:Fast mode on, crafting logo...
INFO:root:Fast mode on, crafting logo...
INFO:root:Fast mode on, crafting logo...
INFO:root:Fast mode on, crafting logo...
INFO:root:Fast mode on, crafting logo...
INFO:root:Fast mode on, crafting logo...
INFO:root:Fast mode on, crafting logo...
INFO:root:Fast mode on, crafting logo...
INFO:root:territory: 741
INFO:root:Fast mode on, crafting logo...
INFO:root:Fast mode on, crafting logo...
INFO:root:Fast mode on, crafting logo...
INFO:root:Fast mode on, crafting logo...
INFO:root:Fast mode on, crafting logo...
INFO:root:Fast mode on, crafting logo...
INFO:root:Fast mode on, crafting logo...
INFO:root:Fast mode on, crafting logo...
INFO:root:Fast mode on, crafting logo...
INFO:root:Fast mode on, crafting logo...
INFO:root:Fast mode on, crafting logo...
INFO:root:Fast mode on, crafting logo...
INFO:root:Fast mode on, crafting logo...
INFO:root:Fast mode on, crafting logo...
INFO:root:Fast mode on, crafting logo...
INFO:root:Fast mode on, crafting logo...
INFO:root:Fast mode on, crafting logo...
INFO:root:Fast mode on, crafting logo...
INFO:root:Fast mode on, crafting logo...
INFO:root:Fast mode on, crafting logo...
INFO:root:Fast mode on, crafting logo...
INFO:root:Fast mode on, crafting logo...
INFO:root:Fast mode on, crafting logo...
INFO:root:Fast mode on, crafting logo...
INFO:root:Fast mode on, crafting logo...
INFO:root:territory: 767
INFO:root:Fast mode on, crafting logo...
INFO:root:Fast mode on, crafting logo...
INFO:root:Fast mode on, crafting logo...
INFO:root:Fast mode on, crafting logo...
INFO:root:Fast mode on, crafting logo...
INFO:root:Fast mode on, crafting logo...
INFO:root:Fast mode on, crafting logo...
INFO:root:Fast mode on, crafting logo...
INFO:root:Fast mode on, crafting logo...
INFO:root:Fast mode on, crafting logo...
INFO:root:Fast mode on, crafting logo...
INFO:root:Fast mode on, crafting logo...
INFO:root:Fast mode on, crafting logo...
INFO:root:Fast mode on, crafting logo...
INFO:root:Fast mode on, crafting logo...
INFO:root:Fast mode on, crafting logo...
INFO:root:Fast mode on, crafting logo...
INFO:root:Fast mode on, crafting logo...
INFO:root:Fast mode on, crafting logo...
INFO:root:Fast mode on, crafting logo...
INFO:root:Fast mode on, crafting logo...
INFO:root:Fast mode on, crafting logo...
INFO:root:Fast mode on, crafting logo...
INFO:root:Fast mode on, crafting logo...
INFO:root:Fast mode on, crafting logo...
INFO:root:territory: 792
INFO:root:Fast mode on, crafting logo...
INFO:root:Fast mode on, crafting logo...
INFO:root:Fast mode on, crafting logo...
INFO:root:Fast mode on, crafting logo...
INFO:root:Fast mode on, crafting logo...
INFO:root:Fast mode on, crafting logo...
INFO:root:Fast mode on, crafting logo...
INFO:root:Fast mode on, crafting logo...
INFO:root:Fast mode on, crafting logo...
INFO:root:Fast mode on, crafting logo...
INFO:root:Fast mode on, crafting logo...
INFO:root:Fast mode on, crafting logo...
INFO:root:Fast mode on, crafting logo...
INFO:root:Fast mode on, crafting logo...
INFO:root:Fast mode on, crafting logo...
INFO:root:Fast mode on, crafting logo...
INFO:root:Fast mode on, crafting logo...
INFO:root:Fast mode on, crafting logo...
INFO:root:Fast mode on, crafting logo...
INFO:root:Fast mode on, crafting logo...
INFO:root:Fast mode on, crafting logo...
INFO:root:Fast mode on, crafting logo...
INFO:root:Fast mode on, crafting logo...
INFO:root:Fast mode on, crafting logo...
INFO:root:Fast mode on, crafting logo...
INFO:root:territory: 823
INFO:root:Fast mode on, crafting logo...
INFO:root:Fast mode on, crafting logo...
INFO:root:Fast mode on, crafting logo...
INFO:root:Fast mode on, crafting logo...
INFO:root:Fast mode on, crafting logo...
INFO:root:Fast mode on, crafting logo...
INFO:root:Fast mode on, crafting logo...
INFO:root:Fast mode on, crafting logo...
INFO:root:Fast mode on, crafting logo...
INFO:root:Fast mode on, crafting logo...
INFO:root:Fast mode on, crafting logo...
INFO:root:Fast mode on, crafting logo...
INFO:root:Fast mode on, crafting logo...
INFO:root:Fast mode on, crafting logo...
INFO:root:Fast mode on, crafting logo...
INFO:root:Fast mode on, crafting logo...
INFO:root:Fast mode on, crafting logo...
INFO:root:Fast mode on, crafting logo...
INFO:root:Fast mode on, crafting logo...
INFO:root:Fast mode on, crafting logo...
INFO:root:Fast mode on, crafting logo...
INFO:root:Fast mode on, crafting logo...
INFO:root:Fast mode on, crafting logo...
INFO:root:Fast mode on, crafting logo...
INFO:root:Fast mode on, crafting logo...
INFO:root:territory: 854
INFO:root:Fast mode on, crafting logo...
INFO:root:Fast mode on, crafting logo...
INFO:root:Fast mode on, crafting logo...
INFO:root:Fast mode on, crafting logo...
INFO:root:Fast mode on, crafting logo...
INFO:root:Fast mode on, crafting logo...
INFO:root:Fast mode on, crafting logo...
INFO:root:Fast mode on, crafting logo...
INFO:root:Fast mode on, crafting logo...
INFO:root:Fast mode on, crafting logo...
INFO:root:Fast mode on, crafting logo...
INFO:root:Fast mode on, crafting logo...
INFO:root:Fast mode on, crafting logo...
INFO:root:Fast mode on, crafting logo...
INFO:root:Fast mode on, crafting logo...
INFO:root:Fast mode on, crafting logo...
INFO:root:Fast mode on, crafting logo...
INFO:root:Fast mode on, crafting logo...
INFO:root:Fast mode on, crafting logo...
INFO:root:Fast mode on, crafting logo...
INFO:root:Fast mode on, crafting logo...
INFO:root:Fast mode on, crafting logo...
INFO:root:Fast mode on, crafting logo...
INFO:root:Fast mode on, crafting logo...
INFO:root:Fast mode on, crafting logo...
INFO:root:territory: 886
INFO:root:Fast mode on, crafting logo...
INFO:root:Fast mode on, crafting logo...
INFO:root:Fast mode on, crafting logo...
INFO:root:Fast mode on, crafting logo...
INFO:root:Fast mode on, crafting logo...
INFO:root:Fast mode on, crafting logo...
INFO:root:Fast mode on, crafting logo...
INFO:root:Fast mode on, crafting logo...
INFO:root:Fast mode on, crafting logo...
INFO:root:Fast mode on, crafting logo...
INFO:root:Fast mode on, crafting logo...
INFO:root:Fast mode on, crafting logo...
INFO:root:Fast mode on, crafting logo...
INFO:root:Fast mode on, crafting logo...
INFO:root:Fast mode on, crafting logo...
INFO:root:Fast mode on, crafting logo...
INFO:root:Fast mode on, crafting logo...
INFO:root:Fast mode on, crafting logo...
INFO:root:Fast mode on, crafting logo...
INFO:root:Fast mode on, crafting logo...
INFO:root:Fast mode on, crafting logo...
INFO:root:Fast mode on, crafting logo...
INFO:root:Fast mode on, crafting logo...
INFO:root:Fast mode on, crafting logo...
INFO:root:Fast mode on, crafting logo...
INFO:root:territory: 913
INFO:root:Fast mode on, crafting logo...
INFO:root:Fast mode on, crafting logo...
INFO:root:Fast mode on, crafting logo...
INFO:root:Fast mode on, crafting logo...
INFO:root:Fast mode on, crafting logo...
INFO:root:Fast mode on, crafting logo...
INFO:root:Fast mode on, crafting logo...
INFO:root:Fast mode on, crafting logo...
INFO:root:Fast mode on, crafting logo...
INFO:root:Fast mode on, crafting logo...
INFO:root:Fast mode on, crafting logo...
INFO:root:Fast mode on, crafting logo...
INFO:root:Fast mode on, crafting logo...
INFO:root:Fast mode on, crafting logo...
INFO:root:Fast mode on, crafting logo...
INFO:root:Fast mode on, crafting logo...
INFO:root:Fast mode on, crafting logo...
INFO:root:Fast mode on, crafting logo...
INFO:root:Fast mode on, crafting logo...
INFO:root:Fast mode on, crafting logo...
INFO:root:Fast mode on, crafting logo...
INFO:root:Fast mode on, crafting logo...
INFO:root:Fast mode on, crafting logo...
INFO:root:Fast mode on, crafting logo...
INFO:root:Fast mode on, crafting logo...
INFO:root:territory: 944
INFO:root:Fast mode on, crafting logo...
INFO:root:Fast mode on, crafting logo...
INFO:root:Fast mode on, crafting logo...
INFO:root:Fast mode on, crafting logo...
INFO:root:Fast mode on, crafting logo...
INFO:root:Fast mode on, crafting logo...
INFO:root:Fast mode on, crafting logo...
INFO:root:Fast mode on, crafting logo...
INFO:root:Fast mode on, crafting logo...
INFO:root:Fast mode on, crafting logo...
INFO:root:Fast mode on, crafting logo...
INFO:root:Fast mode on, crafting logo...
INFO:root:Fast mode on, crafting logo...
INFO:root:Fast mode on, crafting logo...
INFO:root:Fast mode on, crafting logo...
INFO:root:Fast mode on, crafting logo...
INFO:root:Fast mode on, crafting logo...
INFO:root:Fast mode on, crafting logo...
INFO:root:Fast mode on, crafting logo...
INFO:root:Fast mode on, crafting logo...
INFO:root:Fast mode on, crafting logo...
INFO:root:Fast mode on, crafting logo...
INFO:root:Fast mode on, crafting logo...
INFO:root:Fast mode on, crafting logo...
INFO:root:Fast mode on, crafting logo...
INFO:root:territory: 973
INFO:root:Fast mode on, crafting logo...
INFO:root:Fast mode on, crafting logo...
INFO:root:Fast mode on, crafting logo...
INFO:root:Fast mode on, crafting logo...
INFO:root:Fast mode on, crafting logo...
INFO:root:Fast mode on, crafting logo...
INFO:root:Fast mode on, crafting logo...
INFO:root:Fast mode on, crafting logo...
INFO:root:Fast mode on, crafting logo...
INFO:root:Fast mode on, crafting logo...
INFO:root:Fast mode on, crafting logo...
INFO:root:Fast mode on, crafting logo...
INFO:root:Fast mode on, crafting logo...
INFO:root:Fast mode on, crafting logo...
INFO:root:Fast mode on, crafting logo...
INFO:root:Fast mode on, crafting logo...
INFO:root:Fast mode on, crafting logo...
INFO:root:Fast mode on, crafting logo...
INFO:root:Fast mode on, crafting logo...
INFO:root:Fast mode on, crafting logo...
INFO:root:Fast mode on, crafting logo...
INFO:root:Fast mode on, crafting logo...
INFO:root:Fast mode on, crafting logo...
INFO:root:Fast mode on, crafting logo...
INFO:root:Fast mode on, crafting logo...
INFO:root:territory: 1008
INFO:root:Fast mode on, crafting logo...
INFO:root:Fast mode on, crafting logo...
INFO:root:Fast mode on, crafting logo...
INFO:root:Fast mode on, crafting logo...
INFO:root:Fast mode on, crafting logo...
INFO:root:Fast mode on, crafting logo...
INFO:root:Fast mode on, crafting logo...
INFO:root:Fast mode on, crafting logo...
INFO:root:Fast mode on, crafting logo...
INFO:root:Fast mode on, crafting logo...
INFO:root:Fast mode on, crafting logo...
INFO:root:Fast mode on, crafting logo...
INFO:root:Fast mode on, crafting logo...
INFO:root:Fast mode on, crafting logo...
INFO:root:Fast mode on, crafting logo...
INFO:root:Fast mode on, crafting logo...
INFO:root:Fast mode on, crafting logo...
INFO:root:Fast mode on, crafting logo...
INFO:root:Fast mode on, crafting logo...
INFO:root:Fast mode on, crafting logo...
INFO:root:Fast mode on, crafting logo...
INFO:root:Fast mode on, crafting logo...
INFO:root:Fast mode on, crafting logo...
INFO:root:Fast mode on, crafting logo...
INFO:root:Fast mode on, crafting logo...
INFO:root:territory: 1043
INFO:root:Fast mode on, crafting logo...
INFO:root:Fast mode on, crafting logo...
INFO:root:Fast mode on, crafting logo...
INFO:root:Fast mode on, crafting logo...
INFO:root:Fast mode on, crafting logo...
INFO:root:Fast mode on, crafting logo...
INFO:root:Fast mode on, crafting logo...
INFO:root:Fast mode on, crafting logo...
INFO:root:Fast mode on, crafting logo...
INFO:root:Fast mode on, crafting logo...
INFO:root:Fast mode on, crafting logo...
INFO:root:Fast mode on, crafting logo...
INFO:root:Fast mode on, crafting logo...
INFO:root:Fast mode on, crafting logo...
INFO:root:Fast mode on, crafting logo...
INFO:root:Fast mode on, crafting logo...
INFO:root:Fast mode on, crafting logo...
INFO:root:Fast mode on, crafting logo...
INFO:root:Fast mode on, crafting logo...
INFO:root:Fast mode on, crafting logo...
INFO:root:Fast mode on, crafting logo...
INFO:root:Fast mode on, crafting logo...
INFO:root:Fast mode on, crafting logo...
INFO:root:Fast mode on, crafting logo...
INFO:root:Fast mode on, crafting logo...
INFO:root:territory: 1082
INFO:root:Fast mode on, crafting logo...
INFO:root:Fast mode on, crafting logo...
INFO:root:Fast mode on, crafting logo...
INFO:root:Fast mode on, crafting logo...
INFO:root:Fast mode on, crafting logo...
INFO:root:Fast mode on, crafting logo...
INFO:root:Fast mode on, crafting logo...
INFO:root:Fast mode on, crafting logo...
INFO:root:Fast mode on, crafting logo...
INFO:root:Fast mode on, crafting logo...
INFO:root:Fast mode on, crafting logo...
INFO:root:Fast mode on, crafting logo...
INFO:root:Fast mode on, crafting logo...
INFO:root:Fast mode on, crafting logo...
INFO:root:Fast mode on, crafting logo...
INFO:root:Fast mode on, crafting logo...
INFO:root:Fast mode on, crafting logo...
INFO:root:Fast mode on, crafting logo...
INFO:root:Fast mode on, crafting logo...
INFO:root:Fast mode on, crafting logo...
INFO:root:Fast mode on, crafting logo...
INFO:root:Fast mode on, crafting logo...
INFO:root:Fast mode on, crafting logo...
INFO:root:Fast mode on, crafting logo...
INFO:root:Fast mode on, crafting logo...
INFO:root:territory: 1114
INFO:root:Fast mode on, crafting logo...
INFO:root:Fast mode on, crafting logo...
INFO:root:Fast mode on, crafting logo...
INFO:root:Fast mode on, crafting logo...
INFO:root:Fast mode on, crafting logo...
INFO:root:Fast mode on, crafting logo...
INFO:root:Fast mode on, crafting logo...
INFO:root:Fast mode on, crafting logo...
INFO:root:Fast mode on, crafting logo...
INFO:root:Fast mode on, crafting logo...
INFO:root:Fast mode on, crafting logo...
INFO:root:Fast mode on, crafting logo...
INFO:root:Fast mode on, crafting logo...
INFO:root:Fast mode on, crafting logo...
INFO:root:Fast mode on, crafting logo...
INFO:root:Fast mode on, crafting logo...
INFO:root:Fast mode on, crafting logo...
INFO:root:Fast mode on, crafting logo...
INFO:root:Fast mode on, crafting logo...
INFO:root:Fast mode on, crafting logo...
INFO:root:Fast mode on, crafting logo...
INFO:root:Fast mode on, crafting logo...
INFO:root:Fast mode on, crafting logo...
INFO:root:Fast mode on, crafting logo...
INFO:root:Fast mode on, crafting logo...
INFO:root:territory: 1142
INFO:root:Fast mode on, crafting logo...
INFO:root:Fast mode on, crafting logo...
INFO:root:Fast mode on, crafting logo...
INFO:root:Fast mode on, crafting logo...
INFO:root:Fast mode on, crafting logo...
INFO:root:Fast mode on, crafting logo...
INFO:root:Fast mode on, crafting logo...
INFO:root:Fast mode on, crafting logo...
INFO:root:Fast mode on, crafting logo...
INFO:root:Fast mode on, crafting logo...
INFO:root:Fast mode on, crafting logo...
INFO:root:Fast mode on, crafting logo...
INFO:root:Fast mode on, crafting logo...
INFO:root:Fast mode on, crafting logo...
INFO:root:Fast mode on, crafting logo...
INFO:root:Fast mode on, crafting logo...
INFO:root:Fast mode on, crafting logo...
INFO:root:Fast mode on, crafting logo...
INFO:root:Fast mode on, crafting logo...
INFO:root:Fast mode on, crafting logo...
INFO:root:Fast mode on, crafting logo...
INFO:root:Fast mode on, crafting logo...
INFO:root:Fast mode on, crafting logo...
INFO:root:Fast mode on, crafting logo...
INFO:root:Fast mode on, crafting logo...
INFO:root:territory: 1169
INFO:root:Fast mode on, crafting logo...
INFO:root:Fast mode on, crafting logo...
INFO:root:Fast mode on, crafting logo...
INFO:root:Fast mode on, crafting logo...
INFO:root:Fast mode on, crafting logo...
INFO:root:Fast mode on, crafting logo...
INFO:root:Fast mode on, crafting logo...
INFO:root:Fast mode on, crafting logo...
INFO:root:Fast mode on, crafting logo...
INFO:root:Fast mode on, crafting logo...
INFO:root:Fast mode on, crafting logo...
INFO:root:Fast mode on, crafting logo...
INFO:root:Fast mode on, crafting logo...
INFO:root:Fast mode on, crafting logo...
INFO:root:Fast mode on, crafting logo...
INFO:root:Fast mode on, crafting logo...
INFO:root:Fast mode on, crafting logo...
INFO:root:Fast mode on, crafting logo...
INFO:root:Fast mode on, crafting logo...
INFO:root:Fast mode on, crafting logo...
INFO:root:Fast mode on, crafting logo...
INFO:root:Fast mode on, crafting logo...
INFO:root:Fast mode on, crafting logo...
INFO:root:Fast mode on, crafting logo...
INFO:root:Fast mode on, crafting logo...
INFO:root:territory: 1206
INFO:root:Fast mode on, crafting logo...
INFO:root:Fast mode on, crafting logo...
INFO:root:Fast mode on, crafting logo...
INFO:root:Fast mode on, crafting logo...
INFO:root:Fast mode on, crafting logo...
INFO:root:Fast mode on, crafting logo...
INFO:root:Fast mode on, crafting logo...
INFO:root:Fast mode on, crafting logo...
INFO:root:Fast mode on, crafting logo...
INFO:root:Fast mode on, crafting logo...
INFO:root:Fast mode on, crafting logo...
INFO:root:Fast mode on, crafting logo...
INFO:root:Fast mode on, crafting logo...
INFO:root:Fast mode on, crafting logo...
INFO:root:Fast mode on, crafting logo...
INFO:root:Fast mode on, crafting logo...
INFO:root:Fast mode on, crafting logo...
INFO:root:Fast mode on, crafting logo...
INFO:root:Fast mode on, crafting logo...
INFO:root:Fast mode on, crafting logo...
INFO:root:Fast mode on, crafting logo...
INFO:root:Fast mode on, crafting logo...
INFO:root:Fast mode on, crafting logo...
INFO:root:Fast mode on, crafting logo...
INFO:root:Fast mode on, crafting logo...
INFO:root:territory: 1243
INFO:root:Fast mode on, crafting logo...
INFO:root:Fast mode on, crafting logo...
INFO:root:Fast mode on, crafting logo...
INFO:root:Fast mode on, crafting logo...
INFO:root:Fast mode on, crafting logo...
INFO:root:Fast mode on, crafting logo...
INFO:root:Fast mode on, crafting logo...
INFO:root:Fast mode on, crafting logo...
INFO:root:Fast mode on, crafting logo...
INFO:root:Fast mode on, crafting logo...
INFO:root:Fast mode on, crafting logo...
INFO:root:Fast mode on, crafting logo...
INFO:root:Fast mode on, crafting logo...
INFO:root:Fast mode on, crafting logo...
INFO:root:Fast mode on, crafting logo...
INFO:root:Fast mode on, crafting logo...
INFO:root:Fast mode on, crafting logo...
INFO:root:Fast mode on, crafting logo...
INFO:root:Fast mode on, crafting logo...
INFO:root:Fast mode on, crafting logo...
INFO:root:Fast mode on, crafting logo...
INFO:root:Fast mode on, crafting logo...
INFO:root:Fast mode on, crafting logo...
INFO:root:Fast mode on, crafting logo...
INFO:root:Fast mode on, crafting logo...
INFO:root:territory: 1281
INFO:root:Fast mode on, crafting logo...
INFO:root:Fast mode on, crafting logo...
INFO:root:Fast mode on, crafting logo...
INFO:root:Fast mode on, crafting logo...
INFO:root:Fast mode on, crafting logo...
INFO:root:Fast mode on, crafting logo...
INFO:root:Fast mode on, crafting logo...
INFO:root:Fast mode on, crafting logo...
INFO:root:Fast mode on, crafting logo...
INFO:root:Fast mode on, crafting logo...
INFO:root:Fast mode on, crafting logo...
INFO:root:Fast mode on, crafting logo...
INFO:root:Fast mode on, crafting logo...
INFO:root:Fast mode on, crafting logo...
INFO:root:Fast mode on, crafting logo...
INFO:root:Fast mode on, crafting logo...
INFO:root:Fast mode on, crafting logo...
INFO:root:Fast mode on, crafting logo...
INFO:root:Fast mode on, crafting logo...
INFO:root:Fast mode on, crafting logo...
INFO:root:Fast mode on, crafting logo...
INFO:root:Fast mode on, crafting logo...
INFO:root:Fast mode on, crafting logo...
INFO:root:Fast mode on, crafting logo...
INFO:root:Fast mode on, crafting logo...
INFO:root:territory: 1316
INFO:root:Fast mode on, crafting logo...
INFO:root:Fast mode on, crafting logo...
INFO:root:Fast mode on, crafting logo...
INFO:root:Fast mode on, crafting logo...
INFO:root:Fast mode on, crafting logo...
INFO:root:Fast mode on, crafting logo...
INFO:root:Fast mode on, crafting logo...
INFO:root:Fast mode on, crafting logo...
INFO:root:Fast mode on, crafting logo...
INFO:root:Fast mode on, crafting logo...
INFO:root:Fast mode on, crafting logo...
INFO:root:Fast mode on, crafting logo...
INFO:root:Fast mode on, crafting logo...
INFO:root:Fast mode on, crafting logo...
INFO:root:Fast mode on, crafting logo...
INFO:root:Fast mode on, crafting logo...
INFO:root:Fast mode on, crafting logo...
INFO:root:Fast mode on, crafting logo...
INFO:root:Fast mode on, crafting logo...
INFO:root:Fast mode on, crafting logo...
INFO:root:Fast mode on, crafting logo...
INFO:root:Fast mode on, crafting logo...
INFO:root:Fast mode on, crafting logo...
INFO:root:Fast mode on, crafting logo...
INFO:root:Fast mode on, crafting logo...
INFO:root:territory: 1356
INFO:root:Fast mode on, crafting logo...
INFO:root:Fast mode on, crafting logo...
INFO:root:Fast mode on, crafting logo...
INFO:root:Fast mode on, crafting logo...
INFO:root:Fast mode on, crafting logo...
INFO:root:Fast mode on, crafting logo...
INFO:root:Fast mode on, crafting logo...
INFO:root:Fast mode on, crafting logo...
INFO:root:Fast mode on, crafting logo...
INFO:root:Fast mode on, crafting logo...
INFO:root:Fast mode on, crafting logo...
INFO:root:Fast mode on, crafting logo...
INFO:root:Fast mode on, crafting logo...
INFO:root:Fast mode on, crafting logo...
INFO:root:Fast mode on, crafting logo...
INFO:root:Fast mode on, crafting logo...
INFO:root:Fast mode on, crafting logo...
INFO:root:Fast mode on, crafting logo...
INFO:root:Fast mode on, crafting logo...
INFO:root:Fast mode on, crafting logo...
INFO:root:Fast mode on, crafting logo...
INFO:root:Fast mode on, crafting logo...
INFO:root:Fast mode on, crafting logo...
INFO:root:Fast mode on, crafting logo...
INFO:root:Fast mode on, crafting logo...
INFO:root:territory: 1392
INFO:root:Fast mode on, crafting logo...
INFO:root:Fast mode on, crafting logo...
INFO:root:Fast mode on, crafting logo...
INFO:root:Fast mode on, crafting logo...
INFO:root:Fast mode on, crafting logo...
INFO:root:Fast mode on, crafting logo...
INFO:root:Fast mode on, crafting logo...
INFO:root:Fast mode on, crafting logo...
INFO:root:Fast mode on, crafting logo...
INFO:root:Fast mode on, crafting logo...
INFO:root:Fast mode on, crafting logo...
INFO:root:Fast mode on, crafting logo...
INFO:root:Fast mode on, crafting logo...
INFO:root:Fast mode on, crafting logo...
INFO:root:Fast mode on, crafting logo...
INFO:root:Fast mode on, crafting logo...
INFO:root:Fast mode on, crafting logo...
INFO:root:Fast mode on, crafting logo...
INFO:root:Fast mode on, crafting logo...
INFO:root:Fast mode on, crafting logo...
INFO:root:Fast mode on, crafting logo...
INFO:root:Fast mode on, crafting logo...
INFO:root:Fast mode on, crafting logo...
INFO:root:Fast mode on, crafting logo...
INFO:root:Fast mode on, crafting logo...
INFO:root:territory: 1429
INFO:root:Fast mode on, crafting logo...
INFO:root:Fast mode on, crafting logo...
INFO:root:Fast mode on, crafting logo...
INFO:root:Fast mode on, crafting logo...
INFO:root:Fast mode on, crafting logo...
INFO:root:Fast mode on, crafting logo...
INFO:root:Fast mode on, crafting logo...
INFO:root:Fast mode on, crafting logo...
INFO:root:Fast mode on, crafting logo...
INFO:root:Fast mode on, crafting logo...
INFO:root:Fast mode on, crafting logo...
INFO:root:Fast mode on, crafting logo...
INFO:root:Fast mode on, crafting logo...
INFO:root:Fast mode on, crafting logo...
INFO:root:Fast mode on, crafting logo...
INFO:root:Fast mode on, crafting logo...
INFO:root:Fast mode on, crafting logo...
INFO:root:Fast mode on, crafting logo...
INFO:root:Fast mode on, crafting logo...
INFO:root:Fast mode on, crafting logo...
INFO:root:Fast mode on, crafting logo...
INFO:root:Fast mode on, crafting logo...
INFO:root:Fast mode on, crafting logo...
INFO:root:Fast mode on, crafting logo...
INFO:root:Fast mode on, crafting logo...
INFO:root:Fast mode on, crafting logo...
INFO:root:territory: 1466
INFO:root:Fast mode on, crafting logo...
INFO:root:Fast mode on, crafting logo...
INFO:root:Fast mode on, crafting logo...
INFO:root:Fast mode on, crafting logo...
INFO:root:Fast mode on, crafting logo...
INFO:root:Fast mode on, crafting logo...
INFO:root:Fast mode on, crafting logo...
INFO:root:Fast mode on, crafting logo...
INFO:root:Fast mode on, crafting logo...
INFO:root:Fast mode on, crafting logo...
INFO:root:Fast mode on, crafting logo...
INFO:root:Fast mode on, crafting logo...
INFO:root:Fast mode on, crafting logo...
INFO:root:Fast mode on, crafting logo...
INFO:root:Fast mode on, crafting logo...
INFO:root:Fast mode on, crafting logo...
INFO:root:Fast mode on, crafting logo...
INFO:root:Fast mode on, crafting logo...
INFO:root:Fast mode on, crafting logo...
INFO:root:Fast mode on, crafting logo...
INFO:root:Fast mode on, crafting logo...
INFO:root:Fast mode on, crafting logo...
INFO:root:Fast mode on, crafting logo...
INFO:root:Fast mode on, crafting logo...
INFO:root:Fast mode on, crafting logo...
INFO:root:Fast mode on, crafting logo...
INFO:root:territory: 1507
INFO:root:Fast mode on, crafting logo...
INFO:root:Fast mode on, crafting logo...
INFO:root:Fast mode on, crafting logo...
INFO:root:Fast mode on, crafting logo...
INFO:root:Fast mode on, crafting logo...
INFO:root:Fast mode on, crafting logo...
INFO:root:Fast mode on, crafting logo...
INFO:root:Fast mode on, crafting logo...
INFO:root:Fast mode on, crafting logo...
INFO:root:Fast mode on, crafting logo...
INFO:root:Fast mode on, crafting logo...
INFO:root:Fast mode on, crafting logo...
INFO:root:Fast mode on, crafting logo...
INFO:root:Fast mode on, crafting logo...
INFO:root:Fast mode on, crafting logo...
INFO:root:Fast mode on, crafting logo...
INFO:root:Fast mode on, crafting logo...
INFO:root:Fast mode on, crafting logo...
INFO:root:Fast mode on, crafting logo...
INFO:root:Fast mode on, crafting logo...
INFO:root:Fast mode on, crafting logo...
INFO:root:Fast mode on, crafting logo...
INFO:root:Fast mode on, crafting logo...
INFO:root:Fast mode on, crafting logo...
INFO:root:Fast mode on, crafting logo...
INFO:root:Fast mode on, crafting logo...
INFO:root:territory: 1552
INFO:root:Fast mode on, crafting logo...
INFO:root:Fast mode on, crafting logo...
INFO:root:Fast mode on, crafting logo...
INFO:root:Fast mode on, crafting logo...
INFO:root:Fast mode on, crafting logo...
INFO:root:Fast mode on, crafting logo...
INFO:root:Fast mode on, crafting logo...
INFO:root:Fast mode on, crafting logo...
INFO:root:Fast mode on, crafting logo...
INFO:root:Fast mode on, crafting logo...
INFO:root:Fast mode on, crafting logo...
INFO:root:Fast mode on, crafting logo...
INFO:root:Fast mode on, crafting logo...
INFO:root:Fast mode on, crafting logo...
INFO:root:Fast mode on, crafting logo...
INFO:root:Fast mode on, crafting logo...
INFO:root:Fast mode on, crafting logo...
INFO:root:Fast mode on, crafting logo...
INFO:root:Fast mode on, crafting logo...
INFO:root:Fast mode on, crafting logo...
INFO:root:Fast mode on, crafting logo...
INFO:root:Fast mode on, crafting logo...
INFO:root:Fast mode on, crafting logo...
INFO:root:Fast mode on, crafting logo...
INFO:root:Fast mode on, crafting logo...
INFO:root:Fast mode on, crafting logo...
INFO:root:territory: 1597
INFO:root:Fast mode on, crafting logo...
INFO:root:Fast mode on, crafting logo...
INFO:root:Fast mode on, crafting logo...
INFO:root:Fast mode on, crafting logo...
INFO:root:Fast mode on, crafting logo...
INFO:root:Fast mode on, crafting logo...
INFO:root:Fast mode on, crafting logo...
INFO:root:Fast mode on, crafting logo...
INFO:root:Fast mode on, crafting logo...
INFO:root:Fast mode on, crafting logo...
INFO:root:Fast mode on, crafting logo...
INFO:root:Fast mode on, crafting logo...
INFO:root:Fast mode on, crafting logo...
INFO:root:Fast mode on, crafting logo...
INFO:root:Fast mode on, crafting logo...
INFO:root:Fast mode on, crafting logo...
INFO:root:Fast mode on, crafting logo...
INFO:root:Fast mode on, crafting logo...
INFO:root:Fast mode on, crafting logo...
INFO:root:Fast mode on, crafting logo...
INFO:root:Fast mode on, crafting logo...
INFO:root:Fast mode on, crafting logo...
INFO:root:Fast mode on, crafting logo...
INFO:root:Fast mode on, crafting logo...
INFO:root:Fast mode on, crafting logo...
INFO:root:Fast mode on, crafting logo...
INFO:root:territory: 1641
INFO:root:Fast mode on, crafting logo...
INFO:root:Fast mode on, crafting logo...
INFO:root:Fast mode on, crafting logo...
INFO:root:Fast mode on, crafting logo...
INFO:root:Fast mode on, crafting logo...
INFO:root:Fast mode on, crafting logo...
INFO:root:Fast mode on, crafting logo...
INFO:root:Fast mode on, crafting logo...
INFO:root:Fast mode on, crafting logo...
INFO:root:Fast mode on, crafting logo...
INFO:root:Fast mode on, crafting logo...
INFO:root:Fast mode on, crafting logo...
INFO:root:Fast mode on, crafting logo...
INFO:root:Fast mode on, crafting logo...
INFO:root:Fast mode on, crafting logo...
INFO:root:Fast mode on, crafting logo...
INFO:root:Fast mode on, crafting logo...
INFO:root:Fast mode on, crafting logo...
INFO:root:Fast mode on, crafting logo...
INFO:root:Fast mode on, crafting logo...
INFO:root:Fast mode on, crafting logo...
INFO:root:Fast mode on, crafting logo...
INFO:root:Fast mode on, crafting logo...
INFO:root:Fast mode on, crafting logo...
INFO:root:Fast mode on, crafting logo...
INFO:root:Fast mode on, crafting logo...
INFO:root:territory: 1691
INFO:root:Fast mode on, crafting logo...
INFO:root:Fast mode on, crafting logo...
INFO:root:Fast mode on, crafting logo...
INFO:root:Fast mode on, crafting logo...
INFO:root:Fast mode on, crafting logo...
INFO:root:Fast mode on, crafting logo...
INFO:root:Fast mode on, crafting logo...
INFO:root:Fast mode on, crafting logo...
INFO:root:Fast mode on, crafting logo...
INFO:root:Fast mode on, crafting logo...
INFO:root:Fast mode on, crafting logo...
INFO:root:Fast mode on, crafting logo...
INFO:root:Fast mode on, crafting logo...
INFO:root:Fast mode on, crafting logo...
INFO:root:Fast mode on, crafting logo...
INFO:root:Fast mode on, crafting logo...
INFO:root:Fast mode on, crafting logo...
INFO:root:Fast mode on, crafting logo...
INFO:root:Fast mode on, crafting logo...
INFO:root:Fast mode on, crafting logo...
INFO:root:Fast mode on, crafting logo...
INFO:root:Fast mode on, crafting logo...
INFO:root:Fast mode on, crafting logo...
INFO:root:Fast mode on, crafting logo...
INFO:root:Fast mode on, crafting logo...
INFO:root:Fast mode on, crafting logo...
INFO:root:territory: 1738
INFO:root:Fast mode on, crafting logo...
INFO:root:Fast mode on, crafting logo...
INFO:root:Fast mode on, crafting logo...
INFO:root:Fast mode on, crafting logo...
INFO:root:Fast mode on, crafting logo...
INFO:root:Fast mode on, crafting logo...
INFO:root:Fast mode on, crafting logo...
INFO:root:Fast mode on, crafting logo...
INFO:root:Fast mode on, crafting logo...
INFO:root:Fast mode on, crafting logo...
INFO:root:Fast mode on, crafting logo...
INFO:root:Fast mode on, crafting logo...
INFO:root:Fast mode on, crafting logo...
INFO:root:Fast mode on, crafting logo...
INFO:root:Fast mode on, crafting logo...
INFO:root:Fast mode on, crafting logo...
INFO:root:Fast mode on, crafting logo...
INFO:root:Fast mode on, crafting logo...
INFO:root:Fast mode on, crafting logo...
INFO:root:Fast mode on, crafting logo...
INFO:root:Fast mode on, crafting logo...
INFO:root:Fast mode on, crafting logo...
INFO:root:Fast mode on, crafting logo...
INFO:root:Fast mode on, crafting logo...
INFO:root:Fast mode on, crafting logo...
INFO:root:Fast mode on, crafting logo...
INFO:root:Fast mode on, crafting logo...
INFO:root:territory: 1779
INFO:root:Fast mode on, crafting logo...
INFO:root:Fast mode on, crafting logo...
INFO:root:Fast mode on, crafting logo...
INFO:root:Fast mode on, crafting logo...
INFO:root:Fast mode on, crafting logo...
INFO:root:Fast mode on, crafting logo...
INFO:root:Fast mode on, crafting logo...
INFO:root:Fast mode on, crafting logo...
INFO:root:Fast mode on, crafting logo...
INFO:root:Fast mode on, crafting logo...
INFO:root:Fast mode on, crafting logo...
INFO:root:Fast mode on, crafting logo...
INFO:root:Fast mode on, crafting logo...
INFO:root:Fast mode on, crafting logo...
INFO:root:Fast mode on, crafting logo...
INFO:root:Fast mode on, crafting logo...
INFO:root:Fast mode on, crafting logo...
INFO:root:Fast mode on, crafting logo...
INFO:root:Fast mode on, crafting logo...
INFO:root:Fast mode on, crafting logo...
INFO:root:Fast mode on, crafting logo...
INFO:root:Fast mode on, crafting logo...
INFO:root:Fast mode on, crafting logo...
INFO:root:Fast mode on, crafting logo...
INFO:root:Fast mode on, crafting logo...
INFO:root:Fast mode on, crafting logo...
INFO:root:Fast mode on, crafting logo...
INFO:root:territory: 1816
INFO:root:Fast mode on, crafting logo...
INFO:root:Fast mode on, crafting logo...
INFO:root:Fast mode on, crafting logo...
INFO:root:Fast mode on, crafting logo...
INFO:root:Fast mode on, crafting logo...
INFO:root:Fast mode on, crafting logo...
INFO:root:Fast mode on, crafting logo...
INFO:root:Fast mode on, crafting logo...
INFO:root:Fast mode on, crafting logo...
INFO:root:Fast mode on, crafting logo...
INFO:root:Fast mode on, crafting logo...
INFO:root:Fast mode on, crafting logo...
INFO:root:Fast mode on, crafting logo...
INFO:root:Fast mode on, crafting logo...
INFO:root:Fast mode on, crafting logo...
INFO:root:Fast mode on, crafting logo...
INFO:root:Fast mode on, crafting logo...
INFO:root:Fast mode on, crafting logo...
INFO:root:Fast mode on, crafting logo...
INFO:root:Fast mode on, crafting logo...
INFO:root:Fast mode on, crafting logo...
INFO:root:Fast mode on, crafting logo...
INFO:root:Fast mode on, crafting logo...
INFO:root:Fast mode on, crafting logo...
INFO:root:Fast mode on, crafting logo...
INFO:root:Fast mode on, crafting logo...
INFO:root:Fast mode on, crafting logo...
INFO:root:territory: 1862
INFO:root:Fast mode on, crafting logo...
INFO:root:Fast mode on, crafting logo...
INFO:root:Fast mode on, crafting logo...
INFO:root:Fast mode on, crafting logo...
INFO:root:Fast mode on, crafting logo...
INFO:root:Fast mode on, crafting logo...
INFO:root:Fast mode on, crafting logo...
INFO:root:Fast mode on, crafting logo...
INFO:root:Fast mode on, crafting logo...
INFO:root:Fast mode on, crafting logo...
INFO:root:Fast mode on, crafting logo...
INFO:root:Fast mode on, crafting logo...
INFO:root:Fast mode on, crafting logo...
INFO:root:Fast mode on, crafting logo...
INFO:root:Fast mode on, crafting logo...
INFO:root:Fast mode on, crafting logo...
INFO:root:Fast mode on, crafting logo...
INFO:root:Fast mode on, crafting logo...
INFO:root:Fast mode on, crafting logo...
INFO:root:Fast mode on, crafting logo...
INFO:root:Fast mode on, crafting logo...
INFO:root:Fast mode on, crafting logo...
INFO:root:Fast mode on, crafting logo...
INFO:root:Fast mode on, crafting logo...
INFO:root:Fast mode on, crafting logo...
INFO:root:Fast mode on, crafting logo...
INFO:root:Fast mode on, crafting logo...
INFO:root:territory: 1911
INFO:root:Fast mode on, crafting logo...
INFO:root:Fast mode on, crafting logo...
INFO:root:Fast mode on, crafting logo...
INFO:root:Fast mode on, crafting logo...
INFO:root:Fast mode on, crafting logo...
INFO:root:Fast mode on, crafting logo...
INFO:root:Fast mode on, crafting logo...
INFO:root:Fast mode on, crafting logo...
INFO:root:Fast mode on, crafting logo...
INFO:root:Fast mode on, crafting logo...
INFO:root:Fast mode on, crafting logo...
INFO:root:Fast mode on, crafting logo...
INFO:root:Fast mode on, crafting logo...
INFO:root:Fast mode on, crafting logo...
INFO:root:Fast mode on, crafting logo...
INFO:root:Fast mode on, crafting logo...
INFO:root:Fast mode on, crafting logo...
INFO:root:Fast mode on, crafting logo...
INFO:root:Fast mode on, crafting logo...
INFO:root:Fast mode on, crafting logo...
INFO:root:Fast mode on, crafting logo...
INFO:root:Fast mode on, crafting logo...
INFO:root:Fast mode on, crafting logo...
INFO:root:Fast mode on, crafting logo...
INFO:root:Fast mode on, crafting logo...
INFO:root:Fast mode on, crafting logo...
INFO:root:Fast mode on, crafting logo...
INFO:root:territory: 1959
INFO:root:Fast mode on, crafting logo...
INFO:root:Fast mode on, crafting logo...
INFO:root:Fast mode on, crafting logo...
INFO:root:Fast mode on, crafting logo...
INFO:root:Fast mode on, crafting logo...
INFO:root:Fast mode on, crafting logo...
INFO:root:Fast mode on, crafting logo...
INFO:root:Fast mode on, crafting logo...
INFO:root:Fast mode on, crafting logo...
INFO:root:Fast mode on, crafting logo...
INFO:root:Fast mode on, crafting logo...
INFO:root:Fast mode on, crafting logo...
INFO:root:Fast mode on, crafting logo...
INFO:root:Fast mode on, crafting logo...
INFO:root:Fast mode on, crafting logo...
INFO:root:Fast mode on, crafting logo...
INFO:root:Fast mode on, crafting logo...
INFO:root:Fast mode on, crafting logo...
INFO:root:Fast mode on, crafting logo...
INFO:root:Fast mode on, crafting logo...
INFO:root:Fast mode on, crafting logo...
INFO:root:Fast mode on, crafting logo...
INFO:root:Fast mode on, crafting logo...
INFO:root:Fast mode on, crafting logo...
INFO:root:Fast mode on, crafting logo...
INFO:root:Fast mode on, crafting logo...
INFO:root:Fast mode on, crafting logo...
INFO:root:territory: 2005
INFO:root:Fast mode on, crafting logo...
INFO:root:Fast mode on, crafting logo...
INFO:root:Fast mode on, crafting logo...
INFO:root:Fast mode on, crafting logo...
INFO:root:Fast mode on, crafting logo...
INFO:root:Fast mode on, crafting logo...
INFO:root:Fast mode on, crafting logo...
INFO:root:Fast mode on, crafting logo...
INFO:root:Fast mode on, crafting logo...
INFO:root:Fast mode on, crafting logo...
INFO:root:Fast mode on, crafting logo...
INFO:root:Fast mode on, crafting logo...
INFO:root:Fast mode on, crafting logo...
INFO:root:Fast mode on, crafting logo...
INFO:root:Fast mode on, crafting logo...
INFO:root:Fast mode on, crafting logo...
INFO:root:Fast mode on, crafting logo...
INFO:root:Fast mode on, crafting logo...
INFO:root:Fast mode on, crafting logo...
INFO:root:Fast mode on, crafting logo...
INFO:root:Fast mode on, crafting logo...
INFO:root:Fast mode on, crafting logo...
INFO:root:Fast mode on, crafting logo...
INFO:root:Fast mode on, crafting logo...
INFO:root:Fast mode on, crafting logo...
INFO:root:Fast mode on, crafting logo...
INFO:root:Fast mode on, crafting logo...
INFO:root:territory: 2057
INFO:root:Fast mode on, crafting logo...
INFO:root:Fast mode on, crafting logo...
INFO:root:Fast mode on, crafting logo...
INFO:root:Fast mode on, crafting logo...
INFO:root:Fast mode on, crafting logo...
INFO:root:Fast mode on, crafting logo...
INFO:root:Fast mode on, crafting logo...
INFO:root:Fast mode on, crafting logo...
INFO:root:Fast mode on, crafting logo...
INFO:root:Fast mode on, crafting logo...
INFO:root:Fast mode on, crafting logo...
INFO:root:Fast mode on, crafting logo...
INFO:root:Fast mode on, crafting logo...
INFO:root:Fast mode on, crafting logo...
INFO:root:Fast mode on, crafting logo...
INFO:root:Fast mode on, crafting logo...
INFO:root:Fast mode on, crafting logo...
INFO:root:Fast mode on, crafting logo...
INFO:root:Fast mode on, crafting logo...
INFO:root:Fast mode on, crafting logo...
INFO:root:Fast mode on, crafting logo...
INFO:root:Fast mode on, crafting logo...
INFO:root:Fast mode on, crafting logo...
INFO:root:Fast mode on, crafting logo...
INFO:root:Fast mode on, crafting logo...
INFO:root:Fast mode on, crafting logo...
INFO:root:Fast mode on, crafting logo...
INFO:root:territory: 2103
INFO:root:Fast mode on, crafting logo...
INFO:root:Fast mode on, crafting logo...
INFO:root:Fast mode on, crafting logo...
INFO:root:Fast mode on, crafting logo...
INFO:root:Fast mode on, crafting logo...
INFO:root:Fast mode on, crafting logo...
INFO:root:Fast mode on, crafting logo...
INFO:root:Fast mode on, crafting logo...
INFO:root:Fast mode on, crafting logo...
INFO:root:Fast mode on, crafting logo...
INFO:root:Fast mode on, crafting logo...
INFO:root:Fast mode on, crafting logo...
INFO:root:Fast mode on, crafting logo...
INFO:root:Fast mode on, crafting logo...
INFO:root:Fast mode on, crafting logo...
INFO:root:Fast mode on, crafting logo...
INFO:root:Fast mode on, crafting logo...
INFO:root:Fast mode on, crafting logo...
INFO:root:Fast mode on, crafting logo...
INFO:root:Fast mode on, crafting logo...
INFO:root:Fast mode on, crafting logo...
INFO:root:Fast mode on, crafting logo...
INFO:root:Fast mode on, crafting logo...
INFO:root:Fast mode on, crafting logo...
INFO:root:Fast mode on, crafting logo...
INFO:root:Fast mode on, crafting logo...
INFO:root:Fast mode on, crafting logo...
INFO:root:territory: 2160
INFO:root:Fast mode on, crafting logo...
INFO:root:Fast mode on, crafting logo...
INFO:root:Fast mode on, crafting logo...
INFO:root:Fast mode on, crafting logo...
INFO:root:Fast mode on, crafting logo...
INFO:root:Fast mode on, crafting logo...
INFO:root:Fast mode on, crafting logo...
INFO:root:Fast mode on, crafting logo...
INFO:root:Fast mode on, crafting logo...
INFO:root:Fast mode on, crafting logo...
INFO:root:Fast mode on, crafting logo...
INFO:root:Fast mode on, crafting logo...
INFO:root:Fast mode on, crafting logo...
INFO:root:Fast mode on, crafting logo...
INFO:root:Fast mode on, crafting logo...
INFO:root:Fast mode on, crafting logo...
INFO:root:Fast mode on, crafting logo...
INFO:root:Fast mode on, crafting logo...
INFO:root:Fast mode on, crafting logo...
INFO:root:Fast mode on, crafting logo...
INFO:root:Fast mode on, crafting logo...
INFO:root:Fast mode on, crafting logo...
INFO:root:Fast mode on, crafting logo...
INFO:root:Fast mode on, crafting logo...
INFO:root:Fast mode on, crafting logo...
INFO:root:Fast mode on, crafting logo...
INFO:root:Fast mode on, crafting logo...
INFO:root:territory: 2210
INFO:root:Fast mode on, crafting logo...
INFO:root:Fast mode on, crafting logo...
INFO:root:Fast mode on, crafting logo...
INFO:root:Fast mode on, crafting logo...
INFO:root:Fast mode on, crafting logo...
INFO:root:Fast mode on, crafting logo...
INFO:root:Fast mode on, crafting logo...
INFO:root:Fast mode on, crafting logo...
INFO:root:Fast mode on, crafting logo...
INFO:root:Fast mode on, crafting logo...
INFO:root:Fast mode on, crafting logo...
INFO:root:Fast mode on, crafting logo...
INFO:root:Fast mode on, crafting logo...
INFO:root:Fast mode on, crafting logo...
INFO:root:Fast mode on, crafting logo...
INFO:root:Fast mode on, crafting logo...
INFO:root:Fast mode on, crafting logo...
INFO:root:Fast mode on, crafting logo...
INFO:root:Fast mode on, crafting logo...
INFO:root:Fast mode on, crafting logo...
INFO:root:Fast mode on, crafting logo...
INFO:root:Fast mode on, crafting logo...
INFO:root:Fast mode on, crafting logo...
INFO:root:Fast mode on, crafting logo...
INFO:root:Fast mode on, crafting logo...
INFO:root:Fast mode on, crafting logo...
INFO:root:Fast mode on, crafting logo...
INFO:root:territory: 2268
INFO:root:Fast mode on, crafting logo...
INFO:root:Fast mode on, crafting logo...
INFO:root:Fast mode on, crafting logo...
INFO:root:Fast mode on, crafting logo...
INFO:root:Fast mode on, crafting logo...
INFO:root:Fast mode on, crafting logo...
INFO:root:Fast mode on, crafting logo...
INFO:root:Fast mode on, crafting logo...
INFO:root:Fast mode on, crafting logo...
INFO:root:Fast mode on, crafting logo...
INFO:root:Fast mode on, crafting logo...
INFO:root:Fast mode on, crafting logo...
INFO:root:Fast mode on, crafting logo...
INFO:root:Fast mode on, crafting logo...
INFO:root:Fast mode on, crafting logo...
INFO:root:Fast mode on, crafting logo...
INFO:root:Fast mode on, crafting logo...
INFO:root:Fast mode on, crafting logo...
INFO:root:Fast mode on, crafting logo...
INFO:root:Fast mode on, crafting logo...
INFO:root:Fast mode on, crafting logo...
INFO:root:Fast mode on, crafting logo...
INFO:root:Fast mode on, crafting logo...
INFO:root:Fast mode on, crafting logo...
INFO:root:Fast mode on, crafting logo...
INFO:root:Fast mode on, crafting logo...
INFO:root:Fast mode on, crafting logo...
